Build started 12/02/2017 22:04:50.
     1>Project "C:\Users\pyszk\OneDrive\Dokumenty\seminarka\Seminarka\Seminarka\Seminarka.vcxproj" on node 2 (Build target(s)).
     1>ClCompile:
         C:\Program Files (x86)\Microsoft Visual Studio 12.0\VC\bin\CL.exe /c /IC:\OpenCV\build\include /I\..\..\include /ZI /nologo /W3 /WX- /sdl /Od /Oy- /D WIN32 /D _CRT_SECURE_NO_WARNINGS /D _DEBUG /D _CONSOLE /D _LIB /D _CRT_SECURE_NO_WARNINGS /D _UNICODE /D UNICODE /Gm /EHsc /RTC1 /MDd /GS /fp:precise /Zc:wchar_t /Zc:forScope /Yc"stdafx.h" /Fp"Debug\Seminarka.pch" /Fo"Debug\\" /Fd"Debug\vc120.pdb" /Gd /TP /analyze- /errorReport:prompt stdafx.cpp
         stdafx.cpp
     1>c:\users\pyszk\onedrive\dokumenty\seminarka\seminarka\seminarka\neuralresult.h(90): warning C4244: '=' : conversion from 'float' to 'int', possible loss of data
     1>c:\users\pyszk\onedrive\dokumenty\seminarka\seminarka\seminarka\neuralresult.h(147): warning C4244: '=' : conversion from 'const float' to 'int', possible loss of data
     1>c:\users\pyszk\onedrive\dokumenty\seminarka\seminarka\seminarka\neuralresult.h(164): warning C4244: '=' : conversion from 'const float' to 'int', possible loss of data
     1>c:\users\pyszk\onedrive\dokumenty\seminarka\seminarka\seminarka\depthmapskt.h(62): warning C4244: '=' : conversion from 'int' to 'float', possible loss of data
     1>c:\users\pyszk\onedrive\dokumenty\seminarka\seminarka\seminarka\depthmapskt.h(63): warning C4244: '=' : conversion from 'int' to 'float', possible loss of data
     1>c:\users\pyszk\onedrive\dokumenty\seminarka\seminarka\seminarka\depthmapskt.h(173): warning C4244: 'initializing' : conversion from 'float' to 'int', possible loss of data
     1>c:\users\pyszk\onedrive\dokumenty\seminarka\seminarka\seminarka\depthmapskt.h(174): warning C4244: 'initializing' : conversion from 'float' to 'int', possible loss of data
     1>c:\users\pyszk\onedrive\dokumenty\seminarka\seminarka\seminarka\depthmapskt.h(183): warning C4244: 'initializing' : conversion from 'float' to 'int', possible loss of data
     1>c:\users\pyszk\onedrive\dokumenty\seminarka\seminarka\seminarka\depthmapskt.h(184): warning C4244: 'initializing' : conversion from 'float' to 'int', possible loss of data
     1>c:\users\pyszk\onedrive\dokumenty\seminarka\seminarka\seminarka\depthmapsktbinfileio.h(6): warning C4067: unexpected tokens following preprocessor directive - expected a newline
     1>c:\users\pyszk\onedrive\dokumenty\seminarka\seminarka\seminarka\video.h(91): warning C4930: 'cv::VideoCapture in_capture(void)': prototyped function not called (was a variable definition intended?)
     1>c:\users\pyszk\onedrive\dokumenty\seminarka\seminarka\seminarka\cfrepresentation.h(24): warning C4244: 'return' : conversion from 'int' to 'float', possible loss of data
     1>c:\users\pyszk\onedrive\dokumenty\seminarka\seminarka\seminarka\cfrepresentation.h(40): warning C4018: '<' : signed/unsigned mismatch
     1>c:\users\pyszk\onedrive\dokumenty\seminarka\seminarka\seminarka\dtwanalyzer.h(38): warning C4101: 'distance' : unreferenced local variable
     1>c:\users\pyszk\onedrive\dokumenty\seminarka\seminarka\seminarka\dtwanalyzer.h(118): warning C4018: '<' : signed/unsigned mismatch
     1>c:\users\pyszk\onedrive\dokumenty\seminarka\seminarka\seminarka\dtwanalyzer.h(111): warning C4101: 'distance' : unreferenced local variable
         C:\Program Files (x86)\Microsoft Visual Studio 12.0\VC\bin\CL.exe /c /IC:\OpenCV\build\include /I\..\..\include /ZI /nologo /W3 /WX- /sdl /Od /Oy- /D WIN32 /D _CRT_SECURE_NO_WARNINGS /D _DEBUG /D _CONSOLE /D _LIB /D _CRT_SECURE_NO_WARNINGS /D _UNICODE /D UNICODE /Gm /EHsc /RTC1 /MDd /GS /fp:precise /Zc:wchar_t /Zc:forScope /Yu"stdafx.h" /Fp"Debug\Seminarka.pch" /Fo"Debug\\" /Fd"Debug\vc120.pdb" /Gd /TP /analyze- /errorReport:prompt BodyPart.cpp CVNeural.cpp DataLoader.cpp Joint.cpp Skeleton.cpp VideoManager.cpp main.cpp
         main.cpp
         VideoManager.cpp
     1>c:\users\pyszk\onedrive\dokumenty\seminarka\seminarka\seminarka\videomanager.cpp(60): warning C4244: '=' : conversion from 'float' to 'uchar', possible loss of data
     1>c:\users\pyszk\onedrive\dokumenty\seminarka\seminarka\seminarka\videomanager.cpp(76): warning C4018: '<' : signed/unsigned mismatch
     1>c:\users\pyszk\onedrive\dokumenty\seminarka\seminarka\seminarka\videomanager.cpp(173): warning C4244: 'argument' : conversion from 'float' to 'int', possible loss of data
     1>c:\users\pyszk\onedrive\dokumenty\seminarka\seminarka\seminarka\videomanager.cpp(182): warning C4244: 'argument' : conversion from 'float' to 'int', possible loss of data
         Skeleton.cpp
         Joint.cpp
     1>c:\users\pyszk\onedrive\dokumenty\seminarka\seminarka\seminarka\joint.cpp(15): warning C4244: 'argument' : conversion from 'const float' to 'int', possible loss of data
         DataLoader.cpp
     1>c:\users\pyszk\onedrive\dokumenty\seminarka\seminarka\seminarka\dataloader.cpp(25): warning C4018: '<' : signed/unsigned mismatch
     1>c:\users\pyszk\onedrive\dokumenty\seminarka\seminarka\seminarka\dataloader.cpp(73): warning C4018: '<' : signed/unsigned mismatch
     1>c:\users\pyszk\onedrive\dokumenty\seminarka\seminarka\seminarka\dataloader.cpp(167): warning C4018: '<' : signed/unsigned mismatch
         CVNeural.cpp
     1>c:\users\pyszk\onedrive\dokumenty\seminarka\seminarka\seminarka\cvneural.cpp(51): warning C4018: '<' : signed/unsigned mismatch
         BodyPart.cpp
         Generating Code...
       Link:
         C:\Program Files (x86)\Microsoft Visual Studio 12.0\VC\bin\link.exe /ERRORREPORT:PROMPT /OUT:"C:\Users\pyszk\OneDrive\Dokumenty\seminarka\Seminarka\Debug\Seminarka.exe" /INCREMENTAL /NOLOGO /LIBPATH:C:\OpenCV\build\x86\vc12\lib /LIBPATH:\lib opencv_calib3d2413d.lib opencv_contrib2413d.lib opencv_features2d2413d.lib opencv_flann2413d.lib opencv_gpu2413d.lib opencv_imgproc2413d.lib opencv_legacy2413d.lib opencv_ml2413d.lib opencv_nonfree2413d.lib opencv_objdetect2413d.lib opencv_ocl2413d.lib opencv_photo2413d.lib opencv_stitching2413d.lib opencv_superres2413d.lib opencv_video2413d.lib opencv_videostab2413d.lib opencv_ts2413d.lib opencv_core2413d.lib opencv_highgui2413d.lib kernel32.lib user32.lib gdi32.lib winspool.lib comdlg32.lib advapi32.lib shell32.lib ole32.lib oleaut32.lib uuid.lib odbc32.lib odbccp32.lib /MANIFEST /MANIFESTUAC:"level='asInvoker' uiAccess='false'" /manifest:embed /DEBUG /PDB:"C:\Users\pyszk\OneDrive\Dokumenty\seminarka\Seminarka\Debug\Seminarka.pdb" /SUBSYSTEM:CONSOLE /TLBID:1 /DYNAMICBASE /NXCOMPAT /IMPLIB:"C:\Users\pyszk\OneDrive\Dokumenty\seminarka\Seminarka\Debug\Seminarka.lib" /MACHINE:X86 Debug\BodyPart.obj
         Debug\CVNeural.obj
         Debug\DataLoader.obj
         Debug\VideoManager.obj
         Debug\Joint.obj
         Debug\main.obj
         Debug\Skeleton.obj
         Debug\stdafx.obj
         Seminarka.vcxproj -> C:\Users\pyszk\OneDrive\Dokumenty\seminarka\Seminarka\Debug\Seminarka.exe
     1>Done Building Project "C:\Users\pyszk\OneDrive\Dokumenty\seminarka\Seminarka\Seminarka\Seminarka.vcxproj" (Build target(s)).

Build succeeded.

Time Elapsed 00:00:03.94
